21:32:15 **** Incremental Build of configuration Release for project Arduino_Uno ****
make all 
Invoking: Print Size
avr-size --format=avr --mcu=atmega328p libArduino_Uno.a
AVR Memory Usage
----------------
Device: atmega328p

Program:       0 bytes (0.0% Full)
(.text + .data + .bootloader)

Data:          0 bytes (0.0% Full)
(.data + .bss + .noinit)


AVR Memory Usage
----------------
Device: atmega328p

Program:       0 bytes (0.0% Full)
(.text + .data + .bootloader)

Data:          0 bytes (0.0% Full)
(.data + .bss + .noinit)


AVR Memory Usage
----------------
Device: atmega328p

Program:       0 bytes (0.0% Full)
(.text + .data + .bootloader)

Data:          0 bytes (0.0% Full)
(.data + .bss + .noinit)


AVR Memory Usage
----------------
Device: atmega328p

Program:       0 bytes (0.0% Full)
(.text + .data + .bootloader)

Data:          0 bytes (0.0% Full)
(.data + .bss + .noinit)


AVR Memory Usage
----------------
Device: atmega328p

Program:       2 bytes (0.0% Full)
(.text + .data + .bootloader)

Data:          2 bytes (0.1% Full)
(.data + .bss + .noinit)


AVR Memory Usage
----------------
Device: atmega328p

Program:       1 bytes (0.0% Full)
(.text + .data + .bootloader)

Data:          1 bytes (0.0% Full)
(.data + .bss + .noinit)


AVR Memory Usage
----------------
Device: atmega328p

Program:       0 bytes (0.0% Full)
(.text + .data + .bootloader)

Data:          0 bytes (0.0% Full)
(.data + .bss + .noinit)


AVR Memory Usage
----------------
Device: atmega328p

Program:       0 bytes (0.0% Full)
(.text + .data + .bootloader)

Data:          0 bytes (0.0% Full)
(.data + .bss + .noinit)


AVR Memory Usage
----------------
Device: atmega328p

Program:       0 bytes (0.0% Full)
(.text + .data + .bootloader)

Data:          0 bytes (0.0% Full)
(.data + .bss + .noinit)


AVR Memory Usage
----------------
Device: atmega328p

Program:       0 bytes (0.0% Full)
(.text + .data + .bootloader)

Data:          0 bytes (0.0% Full)
(.data + .bss + .noinit)


AVR Memory Usage
----------------
Device: atmega328p

Program:       1 bytes (0.0% Full)
(.text + .data + .bootloader)

Data:          1 bytes (0.0% Full)
(.data + .bss + .noinit)


AVR Memory Usage
----------------
Device: atmega328p

Program:       0 bytes (0.0% Full)
(.text + .data + .bootloader)

Data:          0 bytes (0.0% Full)
(.data + .bss + .noinit)


AVR Memory Usage
----------------
Device: atmega328p

Program:       0 bytes (0.0% Full)
(.text + .data + .bootloader)

Data:          0 bytes (0.0% Full)
(.data + .bss + .noinit)


AVR Memory Usage
----------------
Device: atmega328p

Program:       0 bytes (0.0% Full)
(.text + .data + .bootloader)

Data:          0 bytes (0.0% Full)
(.data + .bss + .noinit)


AVR Memory Usage
----------------
Device: atmega328p

Program:       0 bytes (0.0% Full)
(.text + .data + .bootloader)

Data:          0 bytes (0.0% Full)
(.data + .bss + .noinit)


AVR Memory Usage
----------------
Device: atmega328p

Program:       0 bytes (0.0% Full)
(.text + .data + .bootloader)

Data:          0 bytes (0.0% Full)
(.data + .bss + .noinit)


AVR Memory Usage
----------------
Device: atmega328p

Program:       0 bytes (0.0% Full)
(.text + .data + .bootloader)

Data:          0 bytes (0.0% Full)
(.data + .bss + .noinit)


AVR Memory Usage
----------------
Device: atmega328p

Program:       0 bytes (0.0% Full)
(.text + .data + .bootloader)

Data:          0 bytes (0.0% Full)
(.data + .bss + .noinit)


Finished building: sizedummy
 
21:32:15 **** Clean-only build of configuration Release for project Servo_Test ****
make clean 
rm -rf  ./Servo/Servo.o  ./LiquidCrystal/LiquidCrystal.o  ./Servo_Test.o  Servo_Test.eep  Servo_Test.hex  Servo_Test.lss  ./Servo/Servo.d  ./LiquidCrystal/LiquidCrystal.d  ./Servo_Test.d  sizedummy  Servo_Test.elf
 
21:32:15 **** Clean-only build of configuration Release for project Servo_Test ****
rm -rf LiquidCrystal/LiquidCrystal.o Servo_Test.eep Servo_Test.elf Servo_Test.d Servo/Servo.o Servo_Test.hex Servo_Test.o Servo/Servo.d sizedummy LiquidCrystal/LiquidCrystal.d Servo_Test.lss 
21:32:15 **** Clean-only build of configuration Release for project Servo_Test ****
21:32:16 **** Incremental Build of configuration Release for project Servo_Test ****
make all 
Building file: /Users/derek/Arduino/libraries/Servo/Servo.cpp
Invoking: AVR C++ Compiler
avr-g++ -I"/Applications/Developer/Arduino.app/Contents/Resources/Java/hardware/arduino/cores/arduino" -I"/Applications/Developer/Arduino.app/Contents/Resources/Java/hardware/arduino/variants/standard" -I"/Users/derek/Arduino/Robot/Servo_Test" -I/Users/derek/Arduino/libraries -I"/Applications/Developer/Arduino.app/Contents/Resources/Java/libraries/LiquidCrystal" -I"/Users/derek/Arduino/libraries/Servo" -D__IN_ECLIPSE__=1 -DARDUINO=10.1 -Wall -Os -ffunction-sections -fdata-sections -fno-exceptions -g -mmcu=atmega328p -DF_CPU=16000000UL -MMD -MP -MF"Servo/Servo.d" -MT"Servo/Servo.d" -c -o "Servo/Servo.o" -x c++ "/Users/derek/Arduino/libraries/Servo/Servo.cpp"
Finished building: /Users/derek/Arduino/libraries/Servo/Servo.cpp
 
Building file: /Applications/Developer/Arduino.app/Contents/Resources/Java/libraries/LiquidCrystal/LiquidCrystal.cpp
Invoking: AVR C++ Compiler
avr-g++ -I"/Applications/Developer/Arduino.app/Contents/Resources/Java/hardware/arduino/cores/arduino" -I"/Applications/Developer/Arduino.app/Contents/Resources/Java/hardware/arduino/variants/standard" -I"/Users/derek/Arduino/Robot/Servo_Test" -I/Users/derek/Arduino/libraries -I"/Applications/Developer/Arduino.app/Contents/Resources/Java/libraries/LiquidCrystal" -I"/Users/derek/Arduino/libraries/Servo" -D__IN_ECLIPSE__=1 -DARDUINO=10.1 -Wall -Os -ffunction-sections -fdata-sections -fno-exceptions -g -mmcu=atmega328p -DF_CPU=16000000UL -MMD -MP -MF"LiquidCrystal/LiquidCrystal.d" -MT"LiquidCrystal/LiquidCrystal.d" -c -o "LiquidCrystal/LiquidCrystal.o" -x c++ "/Applications/Developer/Arduino.app/Contents/Resources/Java/libraries/LiquidCrystal/LiquidCrystal.cpp"
Finished building: /Applications/Developer/Arduino.app/Contents/Resources/Java/libraries/LiquidCrystal/LiquidCrystal.cpp
 
Building file: ../Servo_Test.cpp
Invoking: AVR C++ Compiler
avr-g++ -I"/Applications/Developer/Arduino.app/Contents/Resources/Java/hardware/arduino/cores/arduino" -I"/Applications/Developer/Arduino.app/Contents/Resources/Java/hardware/arduino/variants/standard" -I"/Users/derek/Arduino/Robot/Servo_Test" -I/Users/derek/Arduino/libraries -I"/Applications/Developer/Arduino.app/Contents/Resources/Java/libraries/LiquidCrystal" -I"/Users/derek/Arduino/libraries/Servo" -D__IN_ECLIPSE__=1 -DARDUINO=10.1 -Wall -Os -ffunction-sections -fdata-sections -fno-exceptions -g -mmcu=atmega328p -DF_CPU=16000000UL -MMD -MP -MF"Servo_Test.d" -MT"Servo_Test.d" -c -o "Servo_Test.o" -x c++ "../Servo_Test.cpp"
Finished building: ../Servo_Test.cpp
 
Building target: Servo_Test.elf
Invoking: AVR C++ Linker
avr-gcc -Os -Wl,--gc-sections  -L"/Users/derek/Arduino/Arduino_Uno/Release" -mmcu=atmega328p -o"Servo_Test.elf"  ./Servo/Servo.o  ./LiquidCrystal/LiquidCrystal.o  ./Servo_Test.o   -l"Arduino_Uno" -lm
Finished building target: Servo_Test.elf
 
Invoking: AVR Create Extended Listing
avr-objdump -h -S Servo_Test.elf  >"Servo_Test.lss"
Finished building: Servo_Test.lss
 
Create Flash image (ihex format)
avr-objcopy -R .eeprom -O ihex Servo_Test.elf  "Servo_Test.hex"
Finished building: Servo_Test.hex
 
Create eeprom image (ihex format)
avr-objcopy -j .eeprom --no-change-warnings --change-section-lma .eeprom=0 -O ihex Servo_Test.elf  "Servo_Test.eep"
Finished building: Servo_Test.eep
 
Invoking: Print Size
avr-size --format=avr --mcu=atmega328p Servo_Test.elf
AVR Memory Usage
----------------
Device: atmega328p

Program:   10190 bytes (31.1% Full)
(.text + .data + .bootloader)

Data:        361 bytes (17.6% Full)
(.data + .bss + .noinit)


Finished building: sizedummy
 
