20:30:48 **** Build of configuration Release for project HelloWorld ****
make all 
Building file: ../HelloWorld.cpp
Invoking: AVR C++ Compiler
avr-g++ -I"/Applications/Developer/Arduino.app/Contents/Resources/Java/hardware/arduino/cores/arduino" -I"/Applications/Developer/Arduino.app/Contents/Resources/Java/hardware/arduino/variants/standard" -I"/Users/derek/Arduino/HelloWorld" -D__IN_ECLIPSE__=1 -DARDUINO=10.1 -Wall -Os -ffunction-sections -fdata-sections -fno-exceptions -g -mmcu=atmega328p -DF_CPU=16000000UL -MMD -MP -MF"HelloWorld.d" -MT"HelloWorld.d" -c -o "HelloWorld.o" -x c++ "../HelloWorld.cpp"
Finished building: ../HelloWorld.cpp
 
Building target: HelloWorld.elf
Invoking: AVR C++ Linker
avr-gcc -Os -Wl,--gc-sections  -L"/Users/derek/Arduino/Arduino_Uno/Release" -mmcu=atmega328p -o"HelloWorld.elf"  ./HelloWorld.o   -l"Arduino_Uno" -lm
Finished building target: HelloWorld.elf
 
Invoking: AVR Create Extended Listing
avr-objdump -h -S HelloWorld.elf  >"HelloWorld.lss"
Finished building: HelloWorld.lss
 
Create Flash image (ihex format)
avr-objcopy -R .eeprom -O ihex HelloWorld.elf  "HelloWorld.hex"
Finished building: HelloWorld.hex
 
Create eeprom image (ihex format)
avr-objcopy -j .eeprom --no-change-warnings --change-section-lma .eeprom=0 -O ihex HelloWorld.elf  "HelloWorld.eep"
Finished building: HelloWorld.eep
 
Invoking: Print Size
avr-size --format=avr --mcu=atmega328p HelloWorld.elf
AVR Memory Usage
----------------
Device: atmega328p

Program:     466 bytes (1.4% Full)
(.text + .data + .bootloader)

Data:          9 bytes (0.4% Full)
(.data + .bss + .noinit)


Finished building: sizedummy
 

20:30:49 Build Finished (took 260ms)

